   1               		.file	"main.c"
   2               	__SREG__ = 0x3f
   3               	__SP_H__ = 0x3e
   4               	__SP_L__ = 0x3d
   5               	__CCP__  = 0x34
   6               	__tmp_reg__ = 0
   7               	__zero_reg__ = 1
   9               		.text
  10               	.Ltext0:
  69               	.global	USART_Init
  71               	USART_Init:
   1:main.c        **** #include <avr/io.h>
   2:main.c        **** #include <avr/interrupt.h>
   3:main.c        **** #include <util/delay.h>
   4:main.c        **** 
   5:main.c        **** #define FOSC 8000000 // Clock Speed
   6:main.c        **** #define BAUD 9600
   7:main.c        **** #define UBRR FOSC/16/BAUD-1
   8:main.c        **** 
   9:main.c        **** #define LSH_REG_LOW  PORTB&=0xFE
  10:main.c        **** #define LSH_REG_HIGH PORTB|=0x01
  11:main.c        **** 
  12:main.c        **** #define RSH_REG_LOW  PORTD&=0xEF
  13:main.c        **** #define RSH_REG_HIGH PORTD|=0x10
  14:main.c        **** 
  15:main.c        **** #define LST_REG_LOW  PORTB&=0xFD
  16:main.c        **** #define LST_REG_HIGH PORTB|=0x02
  17:main.c        **** 
  18:main.c        **** #define RST_REG_LOW  PORTD&=0xF7
  19:main.c        **** #define RST_REG_HIGH PORTD|=0x08
  20:main.c        **** #define MAX_LEN 100
  21:main.c        **** 
  22:main.c        **** unsigned char data[][8]={
  23:main.c        **** 						  {0xFF,0xFF,0xE3,0xDD,0xFF,0xFF,0xFF,0xFF},/*smeil0*/
  24:main.c        **** 						  {0xFF,0xFF,0xC7,0xBB,0xFF,0xFF,0xFF,0xFF},
  25:main.c        **** 
  26:main.c        **** 						  {0xFF,0xFF,0xC3,0xFB,0xFF,0xFF,0xFF,0xFF},/*"jiongpo",0*/
  27:main.c        **** 						  {0xFF,0xFF,0xC3,0xDF,0xFF,0xFF,0xFF,0xFF},/*"未命名文件",0*/
  28:main.c        **** 
  29:main.c        **** 
  30:main.c        **** 						  {0xFF,0xFF,0xC3,0xEF,0xF7,0xC3,0xFF,0xFF},/*"asleep",0*/
  31:main.c        **** 						  {0xFF,0xFF,0xC3,0xEF,0xF7,0xC3,0xFF,0xFF},/*"asleep",0*/
  32:main.c        **** 
  33:main.c        **** 
  34:main.c        ****                           {0xFF,0xFF,0xC1,0xF7,0xF7,0xF7,0xFF,0xFF},/*"cay",0*/
  35:main.c        **** 						  {0xFF,0xFF,0x83,0xEF,0xEF,0xEF,0xFF,0xFF},/*"未命名文件",0*/
  36:main.c        **** 						  
  37:main.c        **** 						  {0xFF,0xFF,0xF7,0xEB,0xDD,0xFF,0xFF,0xFF},/*laugth*/
  38:main.c        **** 						  {0xFF,0xFF,0xEF,0xD7,0xBB,0xFF,0xFF,0xFF},/*"未命名文件",0*/
  39:main.c        **** 
  40:main.c        ****                           {0xEF,0x83,0xEB,0x83,0xAF,0x83,0xEF,0xFF},/*"未命名文件",0*/
  41:main.c        **** 						  {0xEF,0x83,0xEB,0x83,0xAF,0x83,0xEF,0xFF},/*"未命名文件",0*/
  42:main.c        **** 						  
  43:main.c        **** 						  
  44:main.c        **** };
  45:main.c        **** unsigned char rx_buff[MAX_LEN] = {0};
  46:main.c        **** volatile unsigned char rxlen = 0;
  47:main.c        **** unsigned char cmdnum = 0;
  48:main.c        **** 
  49:main.c        **** void USART_Init( unsigned int ubrr)
  50:main.c        **** {
  72               	rame size = 0 */
  74               	.LM1:
  75               	/* #APP */
  76               	 ;  51 "main.c" 1
  51:main.c        **** 	cli();
  77               	 ;  0 "" 2
  79               	.LM2:
  80               	/* #NOAPP */
  81 0000 F894      		sts 197,r25
  52:main.c        **** 	/*Set baud rate */
  53:main.c        **** 	UBRR0H = (unsigned char)(ubrr>>8);
  83               		sts 196,r24
  85               	.LM4:
  86 0002 9093 C500 		ldi r30,lo8(193)
  54:main.c        **** 	UBRR0L = (unsigned char)ubrr;
  87               	 r31,hi8(193)
  88               		ld r24,Z
  89 0006 8093 C400 		ori r24,lo8(-104)
  55:main.c        **** 	/*Enable receiver and transmitter */
  56:main.c        **** 	UCSR0B |= 0x98;
  90               	 Z,r24
  92 000a E1EC      	.LM5:
  93 000c F0E0      		ldi r30,lo8(194)
  94 000e 8081      		ldi r31,hi8(194)
  95 0010 8869      		ld r24,Z
  96 0012 8083      		ori r24,lo8(6)
  57:main.c        **** 	/* Set frame format: 8data, 1stop bit */
  58:main.c        **** 	UCSR0C |= 0x06;
  97               	24
  99 0014 E2EC      	.LM6:
 100 0016 F0E0      	/* #APP */
 101 0018 8081      	 ;  59 "main.c" 1
 102 001a 8660      		sei
 103 001c 8083      	 ;  0 "" 2
  59:main.c        **** 	sei(); 
 104               	ogue start */
 106               	.LM7:
 107               	/* #NOAPP */
 108 001e 7894      		ret
 110               	.Lscope1:
  60:main.c        **** }
 111               		"USART_Transmit:F(0,15)",36,0,0,USART_Transmit
 113               	.global	USART_Transmit
 115               	USART_Transmit:
 117               	.LM8:
 118               	.LFBB2:
 119               	/* prologue: function */
 120               	/* frame size = 0 */
 121               		mov r25,r24
  61:main.c        **** 
  62:main.c        **** void USART_Transmit( unsigned char data )
  63:main.c        **** {
 122               	n	68,0,65,.LM9-.LFBB2
 123               	.LM9:
 124               		lds r24,192
 125               		sbrs r24,5
 126               		rjmp .L4
 128               	.LM10:
  64:main.c        **** 	/* Wait for empty transmit buffer */
  65:main.c        **** 	while ( !( UCSR0A & (1<<UDRE0)) );
 129               	8,r25
 130               	/* epilogue start */
 132 0028 85FF      	.LM11:
 133 002a 00C0      		ret
  66:main.c        **** 	/* Put data into buffer, sends the data */
  67:main.c        **** 		UDR0 = data;
 134               	e	USART_Transmit, .-USART_Transmit
 135               	.Lscope2:
 137               	.global	USART_Receive
  68:main.c        **** }
 138               	pe	USART_Receive, @function
 139               	USART_Receive:
 141               	.LM12:
 142               	.LFBB3:
 143               	/* prologue: function */
 144               	/* frame size = 0 */
 145               	.L8:
  69:main.c        **** 
  70:main.c        **** unsigned char USART_Receive( void )
  71:main.c        **** {
 147               	ds r24,192
 148               		sbrs r24,7
 149               		rjmp .L8
 151               	.LM14:
 152               		lds r24,198
  72:main.c        **** 	/* Wait for data to be received */
  73:main.c        **** 	while ( !(UCSR0A & (1<<RXC0)) );
 153               	logue start */
 155 0032 8091 C000 	.LM15:
 156 0036 87FF      		ret
  74:main.c        **** 	/* Get and return received data from buffer */
  75:main.c        **** 	return UDR0;
 158               	pe3:
 160 003a 8091 C600 	.global	USART_Flush
  76:main.c        **** }
 162               	T_Flush:
 164 003e 0895      	.LM16:
 165               	.LFBB4:
 166               	/* prologue: function */
 167               	/* frame size = 0 */
 168               		rjmp .L12
 169               	.L13:
  77:main.c        **** 
  78:main.c        **** void USART_Flush( void )
  79:main.c        **** {
 171               	ds r24,198
 172               	.L12:
 174               	.LM18:
 175               		lds r24,192
 176 0040 00C0      		sbrc r24,7
 177               		rjmp .L13
  80:main.c        **** 	unsigned char dummy;
  81:main.c        **** 	while ( UCSR0A & (1<<RXC0) ) 
  82:main.c        **** 		dummy = UDR0;
 178               	ogue start */
 180 0042 8091 C600 	.LM19:
 181               		ret
 186 004c 00C0      	.Lscope4:
  83:main.c        **** }
 188               	:P(0,16)=*(0,11)",64,0,0,30
 189               	.global	sendstr
 191               	sendstr:
 193               	.LM20:
 194               	.LFBB5:
 195               	/* prologue: function */
 196               	/* frame size = 0 */
 197               		movw r30,r24
 198               		rjmp .L16
 199               	.L19:
 200               	.LBB6:
  84:main.c        **** 
  85:main.c        **** void sendstr(unsigned char *s)
  86:main.c        **** {
 201               	n	68,0,65,.LM21-.LFBB5
 202               	.LM21:
 203               		lds r24,192
 204               		sbrs r24,5
 205               		rjmp .L19
 207 0052 00C0      	.LM22:
 208               		sts 198,r25
 209               	.LBE7:
 210               	.LBE6:
 212               	.LM23:
 213 0054 8091 C000 		adiw r30,1
 214 0058 85FF      	.L16:
 216               	.LM24:
 217               		ld r25,Z
 218 005c 9093 C600 		tst r25
 219               		brne .L19
 220               	/* epilogue start */
  87:main.c        **** 	while(*s)
  88:main.c        **** 	{
  89:main.c        **** 		USART_Transmit(*s);
  90:main.c        **** 		s++;
 221               	5-.LFBB5
 222               	.LM25:
 223 0060 3196      		ret
 225               	.Lscope5:
 227 0062 9081      	.global	time_init
 229 0066 01F4      	time_init:
  91:main.c        **** 	}
  92:main.c        **** }
 231               	BB6:
 232               	/* prologue: function */
 233 0068 0895      	/* frame size = 0 */
 235               	.LM27:
 236               	/* #APP */
 237               	 ;  96 "main.c" 1
 238               		cli
 239               	 ;  0 "" 2
  93:main.c        **** 
  94:main.c        **** void time_init(void)
  95:main.c        **** {
 240               	8,0,97,.LM28-.LFBB6
 241               	.LM28:
 242               	/* #NOAPP */
 243               		sts 128,__zero_reg__
  96:main.c        **** 	cli();
 245               	:
 246               		ldi r24,lo8(-27)
 247               		sts 133,r24
 249 006a F894      	.LM30:
 250               		ldi r24,lo8(-18)
  97:main.c        **** 	TCCR1A=0X00;
 251               	32,r24
 253               	.LM31:
 254 006c 1092 8000 		ldi r24,lo8(1)
  98:main.c        **** 	TCNT1H=0XE5;
 255               	 129,r24
 257 0070 85EE      	.LM32:
 258 0072 8093 8500 		ldi r30,lo8(111)
  99:main.c        **** 	TCNT1L=0XEE;
 259               	 r31,hi8(111)
 260               		ld r24,Z
 261 0076 8EEE      		ori r24,lo8(1)
 262 0078 8093 8400 		st Z,r24
 100:main.c        **** 	TCCR1B=0X01;
 263               	abn	68,0,102,.LM33-.LFBB6
 264               	.LM33:
 265 007c 81E0      	/* #APP */
 266 007e 8093 8100 	 ;  102 "main.c" 1
 101:main.c        **** 	TIMSK1 |= 0x01;
 267               	
 268               	 ;  0 "" 2
 269 0082 EFE6      	/* epilogue start */
 271 0086 8081      	.LM34:
 272 0088 8160      	/* #NOAPP */
 273 008a 8083      		ret
 102:main.c        **** 	sei();
 274               		time_init, .-time_init
 275               	.Lscope6:
 277               	.global	disp_data_shift
 279               	disp_data_shift:
 103:main.c        **** 
 104:main.c        **** }
 281               	.LFBB7:
 282               		push r29
 283               		push r28
 284 008e 0895      		rcall .
 285               		rcall .
 286               		in r28,__SP_L__
 287               		in r29,__SP_H__
 288               	/* prologue: function */
 289               	/* frame size = 4 */
 105:main.c        **** 
 106:main.c        **** void disp_data_shift(void)
 107:main.c        **** {
 291               	s r22,num.1313
 292               		lds r23,(num.1313)+1
 293               		ldi r18,lo8(1)
 294 0090 DF93      		ldi r19,hi8(1)
 295 0092 CF93      		mov r0,r22
 296 0094 00D0      		rjmp 2f
 297 0096 00D0      	1:	lsl r18
 298 0098 CDB7      		rol r19
 299 009a DEB7      	2:	dec r0
 300               		brpl 1b
 301               		std Y+4,r18
 108:main.c        **** 	static num = 0;
 109:main.c        **** 	int i=0, j=0;
 110:main.c        **** 	unsigned char tmpdata[4] = {0};
 111:main.c        **** 	
 112:main.c        **** 	//data[0][num]<<8|((0x01<<num))
 113:main.c        **** 	
 114:main.c        **** 	tmpdata[3] = (0x01<<num);
 302               	0,115,.LM37-.LFBB7
 303               	.LM37:
 304 009c 6091 0000 		lds r26,cmdnum
 305 00a0 7091 0000 		ldi r27,lo8(0)
 306 00a4 21E0      		lsl r26
 307 00a6 30E0      		rol r27
 308 00a8 062E      		movw r30,r26
 309 00aa 00C0      		adiw r30,1
 310 00ac 220F      		ldi r25,3
 311 00ae 331F      	1:	lsl r30
 312 00b0 0A94      		rol r31
 313 00b2 02F4      		dec r25
 314 00b4 2C83      		brne 1b
 115:main.c        **** 	tmpdata[2] = data[(cmdnum<<1)+1][num];
 315               		adc r31,r23
 316               		subi r30,lo8(-(data))
 317 00b6 A091 0000 		sbci r31,hi8(-(data))
 318 00ba B0E0      		ld r24,Z
 319 00bc AA0F      		std Y+3,r24
 321 00c0 FD01      	.LM38:
 322 00c2 3196      		std Y+2,r18
 324 00c6 EE0F      	.LM39:
 325 00c8 FF1F      		ldi r24,3
 326 00ca 9A95      	1:	lsl r26
 327 00cc 01F4      		rol r27
 328 00ce E60F      		dec r24
 329 00d0 F71F      		brne 1b
 330 00d2 E050      		add r26,r22
 331 00d4 F040      		adc r27,r23
 332 00d6 8081      		subi r26,lo8(-(data))
 333 00d8 8B83      		sbci r27,hi8(-(data))
 116:main.c        **** 	tmpdata[1] = (0x01<<num);
 334               	r24
 335               		movw r30,r28
 336 00da 2A83      		adiw r30,1
 117:main.c        **** 	tmpdata[0] = data[(cmdnum<<1)][num];
 337               	i r20,lo8(0)
 338               		ldi r21,hi8(0)
 339 00dc 83E0      		rjmp .L24
 340 00de AA0F      	.L31:
 341 00e0 BB1F      		ld r24,Z
 343 00e4 01F4      	.LM40:
 344 00e6 A60F      		cpi r20,2
 345 00e8 B71F      		cpc r21,__zero_reg__
 346 00ea A050      		brge .L25
 348 00ee 8C91      	.LM41:
 349 00f0 8983      		ldi r25,lo8(0)
 350 00f2 FE01      		mov r0,r18
 351 00f4 3196      		rjmp 2f
 352 00f6 40E0      	1:	lsl r24
 353 00f8 50E0      		rol r25
 354 00fa 00C0      	2:	dec r0
 355               		brpl 1b
 356 00fc 8081      		sbrs r24,7
 118:main.c        **** 	
 119:main.c        **** 	
 120:main.c        **** 	for(i=0; i<4; i++)
 121:main.c        **** 	{
 122:main.c        **** 		
 123:main.c        **** 		
 124:main.c        **** 		for(j=0; j<8; j++)
 125:main.c        **** 		{
 126:main.c        **** 			if(i < 2)
 357               	8,0,131,.LM42-.LFBB7
 358               	.LM42:
 359 00fe 4230      		sbi 43-32,2
 360 0100 5105      		rjmp .L27
 361 0102 04F4      	.L26:
 127:main.c        **** 			{
 128:main.c        **** 				if ((tmpdata[i]<<j)&0x80)
 362               	bn	68,0,136,.LM43-.LFBB7
 363               	.LM43:
 364 0104 90E0      		in r24,43-32
 365 0106 022E      		out 43-32,__zero_reg__
 366 0108 00C0      	.L27:
 368 010c 991F      	.LM44:
 369 010e 0A94      		cbi 43-32,4
 371 0112 87FF      	.LM45:
 372 0114 00C0      		sbi 43-32,4
 129:main.c        **** 				{
 130:main.c        **** 				//	PORTB |= 1<<PB2;
 131:main.c        **** 					PORTD |= 1<<2;
 373               	.L25:
 375 0116 5A9A      	.LM46:
 376 0118 00C0      		ldi r25,lo8(0)
 377               		mov r0,r18
 132:main.c        **** 				}
 133:main.c        **** 				else
 134:main.c        **** 				{
 135:main.c        **** 				//	PORTB &= 0<<PB2;
 136:main.c        **** 					PORTD &= 0<<2;
 378               	 2f
 379               	1:	lsl r24
 380 011a 8BB1      		rol r25
 381 011c 1BB8      	2:	dec r0
 382               		brpl 1b
 137:main.c        **** 				}
 138:main.c        **** 				RSH_REG_LOW;
 383               	 r24,7
 384               		rjmp .L29
 139:main.c        **** 				RSH_REG_HIGH;
 386               	47:
 387               		sbi 37-32,2
 388 0120 5C9A      		rjmp .L30
 389 0122 00C0      	.L29:
 140:main.c        **** 			}
 141:main.c        **** 			
 142:main.c        **** 			else
 143:main.c        **** 			{
 144:main.c        **** 				if ((tmpdata[i]<<j)&0x80)
 391               	:
 392               		in r24,37-32
 393 0124 90E0      		out 37-32,__zero_reg__
 394 0126 022E      	.L30:
 396 012a 880F      	.LM49:
 397 012c 991F      		cbi 37-32,0
 399 0130 02F4      	.LM50:
 400 0132 87FF      		sbi 37-32,0
 401 0134 00C0      	.L28:
 145:main.c        **** 				{
 146:main.c        **** 					PORTB |= 1<<PB2;
 402               	0,124,.LM51-.LFBB7
 403               	.LM51:
 404 0136 2A9A      		subi r18,lo8(-(1))
 405 0138 00C0      		sbci r19,hi8(-(1))
 406               		cpi r18,8
 147:main.c        **** 				//	PORTD |= 1<<2;
 148:main.c        **** 				}
 149:main.c        **** 				else
 150:main.c        **** 				{
 151:main.c        **** 					PORTB &= 0<<PB2;
 407               	r19,__zero_reg__
 408               		brne .L31
 410 013c 15B8      	.LM52:
 411               		subi r20,lo8(-(1))
 152:main.c        **** 				//	PORTD &= 0<<2;
 153:main.c        **** 				}	
 154:main.c        **** 				LSH_REG_LOW;
 412               	 r21,hi8(-(1))
 413               		adiw r30,1
 414 013e 2898      		cpi r20,4
 155:main.c        **** 				LSH_REG_HIGH;
 415               	c r21,__zero_reg__
 416               		breq .L32
 417 0140 289A      	.L24:
 418               		ldi r18,lo8(0)
 419               		ldi r19,hi8(0)
 420               		rjmp .L31
 421 0142 2F5F      	.L32:
 423 0146 2830      	.LM53:
 424 0148 3105      		cbi 37-32,1
 426               	.LM54:
 427               		sbi 37-32,1
 429 014e 5F4F      	.LM55:
 430 0150 3196      		cbi 43-32,3
 432 0154 5105      	.LM56:
 433 0156 01F0      		sbi 43-32,3
 435 0158 20E0      	.LM57:
 436 015a 30E0      		movw r24,r22
 437 015c 00C0      		adiw r24,1
 438               		sts (num.1313)+1,r25
 156:main.c        **** 			}
 157:main.c        **** 		
 158:main.c        **** 		}
 159:main.c        **** 		
 160:main.c        **** 	}
 161:main.c        **** 		LST_REG_LOW;
 439               	n	68,0,167,.LM58-.LFBB7
 440               	.LM58:
 441 015e 2998      		sbiw r24,8
 162:main.c        **** 		LST_REG_HIGH;
 442               	lt .L34
 444 0160 299A      	.LM59:
 163:main.c        **** 		
 164:main.c        **** 		RST_REG_LOW;
 445               	s (num.1313)+1,__zero_reg__
 446               		sts num.1313,__zero_reg__
 447 0162 5B98      	.L34:
 165:main.c        **** 		RST_REG_HIGH;
 448               	epilogue start */
 450 0164 5B9A      	.LM60:
 166:main.c        **** 		num++;
 451               	p __tmp_reg__
 452               		pop __tmp_reg__
 453 0166 CB01      		pop __tmp_reg__
 454 0168 0196      		pop __tmp_reg__
 455 016a 9093 0000 		pop r28
 456 016e 8093 0000 		pop r29
 167:main.c        **** 	if(num > 7)
 168:main.c        **** 		num = 0;
 461               	abs	"tmpdata:(0,17)=ar(0,18)=r(0,18);0;-1;;0;3;(0,11)",128,0,0,1
 464 017a 1092 0000 	.Lscope7:
 169:main.c        **** 		
 170:main.c        **** }
 467               	s	"len:P(0,4)",64,0,0,22
 468               	.global	cal_checksum
 470 0180 0F90      	cal_checksum:
 472 0184 0F90      	.LM61:
 473 0186 CF91      	.LFBB8:
 474 0188 DF91      	/* prologue: function */
 475 018a 0895      	/* frame size = 0 */
 476               		movw r26,r24
 478               	.LM62:
 479               		ldi r18,lo8(0)
 480               		ldi r19,hi8(0)
 481               		ldi r20,lo8(0)
 482               		rjmp .L37
 483               	.L38:
 485               	.LM63:
 486               		movw r30,r26
 487               		add r30,r18
 488               		adc r31,r19
 489               		ld r24,Z
 171:main.c        **** 
 172:main.c        **** unsigned char cal_checksum(unsigned char *pdata,unsigned int len)
 173:main.c        **** {
 490               	,0,176,.LM64-.LFBB8
 491               	.LM64:
 492               		subi r18,lo8(-(1))
 493               		sbci r19,hi8(-(1))
 494               	.L37:
 495 018c DC01      		cp r18,r22
 496               		cpc r19,r23
 497               		brlo .L38
 499 0190 30E0      	.LM65:
 500 0192 40E0      		mov r24,r20
 501 0194 00C0      	/* epilogue start */
 502               		ret
 174:main.c        **** 	int i = 0;
 175:main.c        **** 	unsigned char checksum = 0;
 176:main.c        **** 	for(i = 0; i<len; i++)
 177:main.c        **** 	{
 178:main.c        **** 		checksum += pdata[i];
 503               	ecksum, .-cal_checksum
 508 019c 8081      	.Lscope8:
 510               	.global	cmd_proc
 512 01a0 2F5F      	cmd_proc:
 514               	.LM66:
 515 01a4 2617      	.LFBB9:
 516 01a6 3707      	/* prologue: function */
 517 01a8 00F0      	/* frame size = 0 */
 179:main.c        **** 	}
 180:main.c        **** 	return checksum;
 181:main.c        **** }
 518               	7,.LM67-.LFBB9
 519               	.LM67:
 520 01aa 842F      		lds r24,rx_buff
 521               		cpi r24,lo8(90)
 522 01ac 0895      		brne .L42
 523               	.LBB8:
 524               	.LBB9:
 526               	.LM68:
 527               		lds r18,rx_buff+2
 528               	.LBE9:
 529               	.LBE8:
 531               	.LM69:
 532               		lds r24,rx_buff+1
 182:main.c        **** 
 183:main.c        **** void cmd_proc(void)
 184:main.c        **** {
 533               	ds r25,rx_buff+3
 534               		cp r24,r25
 535               		brne .L42
 537               	.LM70:
 185:main.c        **** 	int i;
 186:main.c        **** 	unsigned char checksum = 0;
 187:main.c        **** 	if(0x5a == rx_buff[0])
 538               	cmdnum,r18
 540 01ae 8091 0000 	.LM71:
 541 01b2 8A35      		ldi r24,lo8(rx_buff)
 542 01b4 01F4      		ldi r25,hi8(rx_buff)
 543               		rcall sendstr
 544               	.L42:
 545               		ret
 547 01b6 2091 0000 	.Lscope9:
 549               	.global	main
 188:main.c        **** 	{
 189:main.c        **** 		checksum = cal_checksum(&(rx_buff[1]),2);
 190:main.c        **** 		if(checksum == rx_buff[3])
 550               	 @function
 551               	main:
 553 01be 820F      	.LM72:
 554 01c0 9091 0000 	.LFBB10:
 555 01c4 8917      	/* prologue: function */
 556 01c6 01F4      	/* frame size = 0 */
 191:main.c        **** 		{
 192:main.c        **** 			cmdnum = rx_buff[2];
 557               		68,0,212,.LM73-.LFBB10
 558               	.LM73:
 559 01c8 2093 0000 		in r24,36-32
 193:main.c        **** 			sendstr(rx_buff);
 560               	i r24,lo8(7)
 561               		out 36-32,r24
 563 01ce 90E0      	.LM74:
 564 01d0 00D0      		in r24,42-32
 565               		ori r24,lo8(28)
 566 01d2 0895      		out 42-32,r24
 568               	.LM75:
 569               		in r24,37-32
 570               		andi r24,lo8(-8)
 571               		out 37-32,r24
 194:main.c        **** 		}
 195:main.c        **** 		else
 196:main.c        **** 		{
 197:main.c        **** 			
 198:main.c        **** 		}
 199:main.c        **** 		
 200:main.c        **** 	}
 201:main.c        **** 	
 202:main.c        **** }
 203:main.c        **** 
 204:main.c        **** int main(void)
 205:main.c        **** {
 573               	4,43-32
 574               		andi r24,lo8(-29)
 575               		out 43-32,r24
 577               	.LM77:
 206:main.c        **** 
 207:main.c        **** 	
 208:main.c        **** 	
 209:main.c        **** 	unsigned char rec;
 210:main.c        **** 	int i;
 211:main.c        **** 	
 212:main.c        **** 	DDRB |=0x07;
 578               	r24,lo8(51)
 579               		ldi r25,hi8(51)
 580 01d4 84B1      		rcall USART_Init
 582 01d8 84B9      	.LM78:
 213:main.c        **** 	DDRD |=0x1C;
 583               	l time_init
 584               	.L48:
 586 01dc 8C61      	.LM79:
 587 01de 8AB9      		lds r24,rxlen
 214:main.c        **** 	PORTB &=0xF8;
 588               	r24,lo8(5)
 589               		brne .L48
 591 01e2 887F      	.LM80:
 592 01e4 85B9      		rcall cmd_proc
 215:main.c        **** 	PORTD &=0xE3;
 593               	bn	68,0,224,.LM81-.LFBB10
 594               	.LM81:
 595 01e6 8BB1      		sts rxlen,__zero_reg__
 596 01e8 837E      		rjmp .L48
 216:main.c        **** 	USART_Init(UBRR);
 598               	n	68,0,217,.LM78-.LFBB10
 599               	.LM78:
 600 01ec 83E3      		rcall time_init
 601 01ee 90E0      	.L48:
 217:main.c        **** 	time_init();
 603               	:
 604               		lds r24,rxlen
 605 01f2 00D0      		cpi r24,lo8(5)
 606               		brne .L48
 218:main.c        **** 	
 219:main.c        **** 	while(1)
 220:main.c        **** 	{
 221:main.c        **** 		if(5 == rxlen)
 607               	abn	68,0,223,.LM80-.LFBB10
 608               	.LM80:
 609 01f4 8091 0000 		rcall cmd_proc
 611 01fa 01F4      	.LM81:
 222:main.c        **** 		{
 223:main.c        **** 			cmd_proc();
 612               	rxlen,__zero_reg__
 613               		rjmp .L48
 224:main.c        **** 			rxlen = 0;
 615               	n	68,0,217,.LM78-.LFBB10
 616               	.LM78:
 617 01fe 1092 0000 		rcall time_init
 618 0202 00C0      	.L48:
 620               	.LM79:
 621               		lds r24,rxlen
 622               		cpi r24,lo8(5)
 623               		brne .L48
 225:main.c        **** 		}
 226:main.c        **** 	}
 227:main.c        **** 	return 0;
 228:main.c        **** 	
 229:main.c        **** }
 230:main.c        **** 
 231:main.c        **** 
 232:main.c        **** 
 233:main.c        **** ISR(USART_RX_vect)
 234:main.c        **** 
 235:main.c        **** {
 625               	all cmd_proc
 627               	.LM81:
 628 0204 1F92      		sts rxlen,__zero_reg__
 629 0206 0F92      		rjmp .L48
 631 020a 0F92      	.Lscope10:
 633 020e 8F93      	.global	__vector_18
 635 0212 FF93      	__vector_18:
 637               	.LM82:
 236:main.c        **** 	cli();
 638               	h __zero_reg__
 639               		push r0
 640               		in r0,__SREG__
 641               		push r0
 642 0214 F894      		clr __zero_reg__
 643               		push r24
 237:main.c        **** 	
 238:main.c        **** //	USART_Transmit(UDR0);
 239:main.c        **** 	
 240:main.c        **** 	if(rxlen < MAX_LEN)
 644               	ize	main, .-main
 645               	.Lscope10:
 647 0216 8091 0000 	.global	__vector_18
 649 021c 00F4      	__vector_18:
 241:main.c        **** 	{
 242:main.c        **** 		rx_buff[rxlen] = UDR0;
 650               	e .L48
 652 021e E091 0000 	.LM80:
 653 0222 8091 C600 		rcall cmd_proc
 655 0228 E050      	.LM81:
 656 022a F040      		sts rxlen,__zero_reg__
 657 022c 8083      		rjmp .L48
 243:main.c        **** 		rxlen++;
 658               	ain, .-main
 659               	.Lscope10:
 661 0232 8F5F      	.global	__vector_18
 663 0238 00C0      	__vector_18:
 244:main.c        **** 		
 245:main.c        **** 	}
 246:main.c        **** 	
 247:main.c        **** 	else
 248:main.c        **** 	{
 249:main.c        **** 		rxlen = 0;
 665               	FBB10
 666               	.LM80:
 667 023a 1092 0000 		rcall cmd_proc
 250:main.c        **** 	}
 251:main.c        **** 	
 252:main.c        **** 	sei();
 669               	1:
 670               		sts rxlen,__zero_reg__
 671               		rjmp .L48
 673 023e 7894      	.Lscope10:
 675               	.global	__vector_18
 253:main.c        **** 	
 254:main.c        **** 	
 255:main.c        **** }
 676               	10
 677               	.LM79:
 678               		lds r24,rxlen
 679 0240 FF91      		cpi r24,lo8(5)
 680 0242 EF91      		brne .L48
 682 0246 0F90      	.LM80:
 683 0248 0FBE      		rcall cmd_proc
 685 024c 1F90      	.LM81:
 686 024e 1895      		sts rxlen,__zero_reg__
 687               		rjmp .L48
 689               	.Lscope10:
 691               	.global	__vector_18
 256:main.c        **** 
 257:main.c        **** 
 258:main.c        **** ISR(TIMER1_OVF_vect)
 259:main.c        **** 
 260:main.c        **** {
 693               	abn	68,0,235,.LM82-.LFBB11
 694               	.LM82:
 695               	.LFBB11:
 696 0250 1F92      		push __zero_reg__
 697 0252 0F92      		push r0
 698 0254 0FB6      		in r0,__SREG__
 699 0256 0F92      		push r0
 700 0258 1124      		clr __zero_reg__
 701 025a 2F93      		push r24
 702 025c 3F93      		push r30
 703 025e 4F93      		push r31
 704 0260 5F93      	/* prologue: Signal */
 705 0262 6F93      	/* frame size = 0 */
 707 0266 8F93      	.LM83:
 708 0268 9F93      	/* #APP */
 709 026a AF93      	 ;  236 "main.c" 1
 710 026c BF93      		cli
 711 026e EF93      	 ;  0 "" 2
 713               	.LM84:
 714               	/* #NOAPP */
 261:main.c        **** 	
 262:main.c        **** 	cli();
 715               	r0
 716               		in r0,__SREG__
 717               		push r0
 718               		clr __zero_reg__
 719 0272 F894      		push r24
 720               		push r30
 263:main.c        **** 	TCCR1B=0X00;
 721               	-main
 722               	.Lscope10:
 724 0274 E1E8      	.global	__vector_18
 726 0278 1082      	__vector_18:
 264:main.c        **** 	TCNT1H=0XE5;
 727               	e .L48
 729 027a 85EE      	.LM80:
 730 027c 8093 8500 		rcall cmd_proc
 265:main.c        **** 	TCNT1L=0XEE;
 731               	abn	68,0,224,.LM81-.LFBB10
 732               	.LM81:
 733 0280 8EEE      		sts rxlen,__zero_reg__
 734 0282 8093 8400 		rjmp .L48
 266:main.c        **** 	TCCR1B=0X01;
 735               	all USART_Init
 737 0286 81E0      	.LM78:
 738 0288 8083      		rcall time_init
 267:main.c        **** 	sei();
 739               	:
 741               	.LM79:
 742               		lds r24,rxlen
 743 028a 7894      		cpi r24,lo8(5)
 744               		brne .L48
 268:main.c        **** 	disp_data_shift();
 745               	n	68,0,223,.LM80-.LFBB10
 746               	.LM80:
 747               		rcall cmd_proc
 749               	.LM81:
 269:main.c        **** 
 270:main.c        **** }
 750               	rxlen,__zero_reg__
 751               		rjmp .L48
 753 0290 EF91      	.Lscope10:
 755 0294 AF91      	.global	__vector_18
 757 0298 8F91      	__vector_18:
 759 029c 6F91      	.LM82:
 760 029e 5F91      	.LFBB11:
 761 02a0 4F91      		push __zero_reg__
 762 02a2 3F91      		push r0
 763 02a4 2F91      		in r0,__SREG__
 764 02a6 0F90      		push r0
 765 02a8 0FBE      		clr __zero_reg__
 766 02aa 0F90      		push r24
 767 02ac 1F90      		push r30
 768 02ae 1895      		push r31
 769               	/* prologue: Signal */
 770               	/* frame size = 0 */
 772               	.LM83:
 773               	/* #APP */
 774               	 ;  236 "main.c" 1
 775               		cli
 776 0000 FF        	 ;  0 "" 2
 778 0002 E3        	.LM84:
 779 0003 DD        	/* #NOAPP */
 780 0004 FF        		lds r24,rxlen
 781 0005 FF        		cpi r24,lo8(100)
 782 0006 FF        		brsh .L50
 784 0008 FF        	.LM85:
 785 0009 FF        		lds r30,rxlen
 786 000a C7        		lds r24,198
 787 000b BB        		ldi r31,lo8(0)
 788 000c FF        		subi r30,lo8(-(rx_buff))
 789 000d FF        		sbci r31,hi8(-(rx_buff))
 790 000e FF        		st Z,r24
 792 0010 FF        	.LM86:
 793 0011 FF        		lds r24,rxlen
 794 0012 C3        		subi r24,lo8(-(1))
 795 0013 FB        		sts rxlen,r24
 796 0014 FF        		rjmp .L51
 797 0015 FF        	.L50:
 799 0017 FF        	.LM87:
 800 0018 FF        		sts rxlen,__zero_reg__
 801 0019 FF        	.L51:
 803 001b DF        	.LM88:
 804 001c FF        	/* #APP */
 805 001d FF        	 ;  252 "main.c" 1
 806 001e FF        		sei
 807 001f FF        	 ;  0 "" 2
 808 0020 FF        	/* epilogue start */
 810 0022 C3        	.LM89:
 811 0023 EF        	/* #NOAPP */
 812 0024 F7        		pop r31
 813 0025 C3        		pop r30
 814 0026 FF        		pop r24
 815 0027 FF        		pop r0
 816 0028 FF        		out __SREG__,r0
 817 0029 FF        		pop r0
 818 002a C3        		pop __zero_reg__
 819 002b EF        		reti
 821 002d C3        	.Lscope11:
 823 002f FF        	.global	__vector_13
 825 0031 FF        	__vector_13:
 827 0033 F7        	.LM90:
 828 0034 F7        	.LFBB12:
 829 0035 F7        		push __zero_reg__
 830 0036 FF        		push r0
 831 0037 FF        		in r0,__SREG__
 832 0038 FF        		push r0
 833 0039 FF        		clr __zero_reg__
 834 003a 83        		push r18
 835 003b EF        		push r19
 836 003c EF        		push r20
 837 003d EF        		push r21
 838 003e FF        		push r22
 839 003f FF        		push r23
 840 0040 FF        		push r24
 841 0041 FF        		push r25
 842 0042 F7        		push r26
 843 0043 EB        		push r27
 844 0044 DD        		push r30
 845 0045 FF        		push r31
 846 0046 FF        	/* prologue: Signal */
 847 0047 FF        	/* frame size = 0 */
 849 0049 FF        	.LM91:
 850 004a EF        	/* #APP */
 851 004b D7        	 ;  262 "main.c" 1
 852 004c BB        		cli
 853 004d FF        	 ;  0 "" 2
 855 004f FF        	.LM92:
 856 0050 EF        	/* #NOAPP */
 857 0051 83        		ldi r30,lo8(129)
 858 0052 EB        		ldi r31,hi8(129)
 859 0053 83        		st Z,__zero_reg__
 861 0055 83        	.LM93:
 862 0056 EF        		ldi r24,lo8(-27)
 863 0057 FF        		sts 133,r24
 865 0059 83        	.LM94:
 866 005a EB        		ldi r24,lo8(-18)
 867 005b 83        		sts 132,r24
 869 005d 83        	.LM95:
 870 005e EF        		ldi r24,lo8(1)
 871 005f FF        		st Z,r24
 873               	.LM96:
 874               	/* #APP */
 875               	 ;  267 "main.c" 1
 876               		sei
 877               	 ;  0 "" 2
 879               	.LM97:
 880               	/* #NOAPP */
 881               		rcall disp_data_shift
 882               	/* epilogue start */
 884 0064 00        	.LM98:
 885               		pop r31
 886               		pop r30
 887               		pop r27
 888               		pop r26
 889               		pop r25
 890 0065 00        		pop r24
 891               		pop r23
 892               		pop r22
 893               		pop r21
 894               		pop r20
 895               		pop r19
 896               		pop r18
 897               		pop r0
 898               		out __SREG__,r0
 899               		pop r0
 900               		pop __zero_reg__
 901               		reti
DEFINED SYMBOLS
                            *ABS*:00000000 main.c
C:\Users\chke\AppData\Local\Temp/ccPenWoc.s:2      *ABS*:0000003f __SREG__
C:\Users\chke\AppData\Local\Temp/ccPenWoc.s:3      *ABS*:0000003e __SP_H__
C:\Users\chke\AppData\Local\Temp/ccPenWoc.s:4      *ABS*:0000003d __SP_L__
C:\Users\chke\AppData\Local\Temp/ccPenWoc.s:5      *ABS*:00000034 __CCP__
C:\Users\chke\AppData\Local\Temp/ccPenWoc.s:6      *ABS*:00000000 __tmp_reg__
C:\Users\chke\AppData\Local\Temp/ccPenWoc.s:7      *ABS*:00000001 __zero_reg__
C:\Users\chke\AppData\Local\Temp/ccPenWoc.s:71     .text:00000000 USART_Init
C:\Users\chke\AppData\Local\Temp/ccPenWoc.s:121    .text:00000022 USART_Transmit
C:\Users\chke\AppData\Local\Temp/ccPenWoc.s:146    .text:00000032 USART_Receive
C:\Users\chke\AppData\Local\Temp/ccPenWoc.s:170    .text:00000040 USART_Flush
C:\Users\chke\AppData\Local\Temp/ccPenWoc.s:200    .text:00000050 sendstr
C:\Users\chke\AppData\Local\Temp/ccPenWoc.s:239    .text:0000006a time_init
C:\Users\chke\AppData\Local\Temp/ccPenWoc.s:290    .text:00000090 disp_data_shift
                             .bss:00000066 num.1313
C:\Users\chke\AppData\Local\Temp/ccPenWoc.s:889    .bss:00000065 cmdnum
C:\Users\chke\AppData\Local\Temp/ccPenWoc.s:775    .data:00000000 data
C:\Users\chke\AppData\Local\Temp/ccPenWoc.s:489    .text:0000018c cal_checksum
C:\Users\chke\AppData\Local\Temp/ccPenWoc.s:532    .text:000001ae cmd_proc
C:\Users\chke\AppData\Local\Temp/ccPenWoc.s:877    .bss:00000000 rx_buff
C:\Users\chke\AppData\Local\Temp/ccPenWoc.s:572    .text:000001d4 main
C:\Users\chke\AppData\Local\Temp/ccPenWoc.s:883    .bss:00000064 rxlen
C:\Users\chke\AppData\Local\Temp/ccPenWoc.s:624    .text:00000204 __vector_18
C:\Users\chke\AppData\Local\Temp/ccPenWoc.s:692    .text:00000250 __vector_13

UNDEFINED SYMBOLS
__do_copy_data
__do_clear_bss
